2024/05/28 14:26:13 [notice] 1#1: using the "epoll" event method
2024/05/28 14:26:13 [notice] 1#1: nginx/1.21.6
2024/05/28 14:26:13 [notice] 1#1: built by gcc 10.2.1 20210110 (Debian 10.2.1-6) 
2024/05/28 14:26:13 [notice] 1#1: OS: Linux 6.6.22-linuxkit
2024/05/28 14:26:13 [notice] 1#1: getrlimit(RLIMIT_NOFILE): 1048576:1048576
2024/05/28 14:26:13 [notice] 1#1: start worker processes
2024/05/28 14:26:13 [notice] 1#1: start worker process 22
2024/05/28 14:26:13 [notice] 1#1: start worker process 23
2024/05/28 14:26:13 [notice] 1#1: start worker process 24
2024/05/28 14:26:13 [notice] 1#1: start worker process 25
2024/05/28 14:26:13 [notice] 1#1: start worker process 26
2024/05/28 14:26:13 [notice] 1#1: start worker process 27
2024/05/28 14:26:13 [notice] 1#1: start worker process 28
2024/05/28 14:26:13 [notice] 1#1: start worker process 29
2024/05/28 14:26:13 [notice] 1#1: start worker process 30
2024/05/28 14:26:13 [notice] 1#1: start worker process 31
2024/05/28 14:26:13 [notice] 1#1: start worker process 32
2024/05/28 14:26:13 [notice] 1#1: start worker process 33
2024/05/28 14:44:30 [notice] 1#1: signal 3 (SIGQUIT) received, shutting down
2024/05/28 14:44:30 [notice] 22#22: gracefully shutting down
2024/05/28 14:44:30 [notice] 23#23: gracefully shutting down
2024/05/28 14:44:30 [notice] 24#24: gracefully shutting down
2024/05/28 14:44:30 [notice] 25#25: gracefully shutting down
2024/05/28 14:44:30 [notice] 26#26: gracefully shutting down
2024/05/28 14:44:30 [notice] 27#27: gracefully shutting down
2024/05/28 14:44:30 [notice] 28#28: gracefully shutting down
2024/05/28 14:44:30 [notice] 30#30: gracefully shutting down
2024/05/28 14:44:30 [notice] 31#31: gracefully shutting down
2024/05/28 14:44:30 [notice] 29#29: gracefully shutting down
2024/05/28 14:44:30 [notice] 32#32: gracefully shutting down
2024/05/28 14:44:30 [notice] 33#33: gracefully shutting down
2024/05/28 14:44:30 [notice] 22#22: exiting
2024/05/28 14:44:30 [notice] 23#23: exiting
2024/05/28 14:44:30 [notice] 24#24: exiting
2024/05/28 14:44:30 [notice] 25#25: exiting
2024/05/28 14:44:30 [notice] 26#26: exiting
2024/05/28 14:44:30 [notice] 27#27: exiting
2024/05/28 14:44:30 [notice] 28#28: exiting
2024/05/28 14:44:30 [notice] 30#30: exiting
2024/05/28 14:44:30 [notice] 31#31: exiting
2024/05/28 14:44:30 [notice] 29#29: exiting
2024/05/28 14:44:30 [notice] 32#32: exiting
2024/05/28 14:44:30 [notice] 33#33: exiting
2024/05/28 14:44:30 [notice] 22#22: exit
2024/05/28 14:44:30 [notice] 23#23: exit
2024/05/28 14:44:30 [notice] 24#24: exit
2024/05/28 14:44:30 [notice] 25#25: exit
2024/05/28 14:44:30 [notice] 26#26: exit
2024/05/28 14:44:30 [notice] 27#27: exit
2024/05/28 14:44:30 [notice] 28#28: exit
2024/05/28 14:44:30 [notice] 30#30: exit
2024/05/28 14:44:30 [notice] 31#31: exit
2024/05/28 14:44:30 [notice] 29#29: exit
2024/05/28 14:44:30 [notice] 32#32: exit
2024/05/28 14:44:30 [notice] 33#33: exit
2024/05/28 14:44:30 [notice] 1#1: signal 17 (SIGCHLD) received from 25
2024/05/28 14:44:30 [notice] 1#1: worker process 22 exited with code 0
2024/05/28 14:44:30 [notice] 1#1: worker process 23 exited with code 0
2024/05/28 14:44:30 [notice] 1#1: worker process 24 exited with code 0
2024/05/28 14:44:30 [notice] 1#1: worker process 25 exited with code 0
2024/05/28 14:44:30 [notice] 1#1: signal 29 (SIGIO) received
2024/05/28 14:44:31 [notice] 1#1: signal 17 (SIGCHLD) received from 30
2024/05/28 14:44:31 [notice] 1#1: worker process 28 exited with code 0
2024/05/28 14:44:31 [notice] 1#1: worker process 30 exited with code 0
2024/05/28 14:44:31 [notice] 1#1: signal 29 (SIGIO) received
2024/05/28 14:44:31 [notice] 1#1: signal 17 (SIGCHLD) received from 26
2024/05/28 14:44:31 [notice] 1#1: worker process 26 exited with code 0
2024/05/28 14:44:31 [notice] 1#1: signal 29 (SIGIO) received
2024/05/28 14:44:31 [notice] 1#1: signal 17 (SIGCHLD) received from 33
2024/05/28 14:44:31 [notice] 1#1: worker process 27 exited with code 0
2024/05/28 14:44:31 [notice] 1#1: worker process 32 exited with code 0
2024/05/28 14:44:31 [notice] 1#1: worker process 33 exited with code 0
2024/05/28 14:44:31 [notice] 1#1: signal 29 (SIGIO) received
2024/05/28 14:44:31 [notice] 1#1: signal 17 (SIGCHLD) received from 27
2024/05/28 14:44:31 [notice] 1#1: worker process 29 exited with code 0
2024/05/28 14:44:31 [notice] 1#1: worker process 31 exited with code 0
2024/05/28 14:44:31 [notice] 1#1: exit
2024/05/28 14:44:31 [notice] 1#1: using the "epoll" event method
2024/05/28 14:44:31 [notice] 1#1: nginx/1.21.6
2024/05/28 14:44:31 [notice] 1#1: built by gcc 10.2.1 20210110 (Debian 10.2.1-6) 
2024/05/28 14:44:31 [notice] 1#1: OS: Linux 6.6.22-linuxkit
2024/05/28 14:44:31 [notice] 1#1: getrlimit(RLIMIT_NOFILE): 1048576:1048576
2024/05/28 14:44:31 [notice] 1#1: start worker processes
2024/05/28 14:44:31 [notice] 1#1: start worker process 30
2024/05/28 14:44:31 [notice] 1#1: start worker process 31
2024/05/28 14:44:31 [notice] 1#1: start worker process 32
2024/05/28 14:44:31 [notice] 1#1: start worker process 33
2024/05/28 14:44:31 [notice] 1#1: start worker process 34
2024/05/28 14:44:31 [notice] 1#1: start worker process 35
2024/05/28 14:44:31 [notice] 1#1: start worker process 36
2024/05/28 14:44:31 [notice] 1#1: start worker process 37
2024/05/28 14:44:31 [notice] 1#1: start worker process 38
2024/05/28 14:44:31 [notice] 1#1: start worker process 39
2024/05/28 14:44:31 [notice] 1#1: start worker process 40
2024/05/28 14:44:31 [notice] 1#1: start worker process 41
2024/05/28 14:45:10 [error] 31#31: *1 directory index of "/var/www/html/" is forbidden, client: 192.168.65.1, server: localhost, request: "GET / HTTP/1.1", host: "localhost:4001"
2024/05/28 14:45:11 [error] 31#31: *1 directory index of "/var/www/html/" is forbidden, client: 192.168.65.1, server: localhost, request: "GET / HTTP/1.1", host: "localhost:4001"
2024/05/28 14:45:13 [error] 31#31: *1 directory index of "/var/www/html/" is forbidden, client: 192.168.65.1, server: localhost, request: "GET / HTTP/1.1", host: "localhost:4001"
2024/05/28 14:47:08 [notice] 1#1: signal 3 (SIGQUIT) received, shutting down
2024/05/28 14:47:08 [notice] 30#30: gracefully shutting down
2024/05/28 14:47:08 [notice] 31#31: gracefully shutting down
2024/05/28 14:47:08 [notice] 32#32: gracefully shutting down
2024/05/28 14:47:08 [notice] 33#33: gracefully shutting down
2024/05/28 14:47:08 [notice] 34#34: gracefully shutting down
2024/05/28 14:47:08 [notice] 35#35: gracefully shutting down
2024/05/28 14:47:08 [notice] 36#36: gracefully shutting down
2024/05/28 14:47:08 [notice] 36#36: exiting
2024/05/28 14:47:08 [notice] 37#37: gracefully shutting down
2024/05/28 14:47:08 [notice] 38#38: gracefully shutting down
2024/05/28 14:47:08 [notice] 39#39: gracefully shutting down
2024/05/28 14:47:08 [notice] 40#40: gracefully shutting down
2024/05/28 14:47:08 [notice] 41#41: gracefully shutting down
2024/05/28 14:47:08 [notice] 30#30: exiting
2024/05/28 14:47:08 [notice] 31#31: exiting
2024/05/28 14:47:08 [notice] 32#32: exiting
2024/05/28 14:47:08 [notice] 33#33: exiting
2024/05/28 14:47:08 [notice] 34#34: exiting
2024/05/28 14:47:08 [notice] 35#35: exiting
2024/05/28 14:47:08 [notice] 36#36: exit
2024/05/28 14:47:08 [notice] 37#37: exiting
2024/05/28 14:47:08 [notice] 38#38: exiting
2024/05/28 14:47:08 [notice] 39#39: exiting
2024/05/28 14:47:08 [notice] 40#40: exiting
2024/05/28 14:47:08 [notice] 41#41: exiting
2024/05/28 14:47:08 [notice] 30#30: exit
2024/05/28 14:47:08 [notice] 31#31: exit
2024/05/28 14:47:08 [notice] 32#32: exit
2024/05/28 14:47:08 [notice] 33#33: exit
2024/05/28 14:47:08 [notice] 34#34: exit
2024/05/28 14:47:08 [notice] 35#35: exit
2024/05/28 14:47:08 [notice] 37#37: exit
2024/05/28 14:47:08 [notice] 38#38: exit
2024/05/28 14:47:08 [notice] 39#39: exit
2024/05/28 14:47:08 [notice] 40#40: exit
2024/05/28 14:47:08 [notice] 41#41: exit
2024/05/28 14:47:08 [notice] 1#1: signal 17 (SIGCHLD) received from 31
2024/05/28 14:47:08 [notice] 1#1: worker process 31 exited with code 0
2024/05/28 14:47:08 [notice] 1#1: signal 29 (SIGIO) received
2024/05/28 14:47:08 [notice] 1#1: signal 17 (SIGCHLD) received from 30
2024/05/28 14:47:08 [notice] 1#1: worker process 30 exited with code 0
2024/05/28 14:47:08 [notice] 1#1: worker process 36 exited with code 0
2024/05/28 14:47:08 [notice] 1#1: worker process 38 exited with code 0
2024/05/28 14:47:08 [notice] 1#1: worker process 34 exited with code 0
2024/05/28 14:47:08 [notice] 1#1: worker process 40 exited with code 0
2024/05/28 14:47:08 [notice] 1#1: signal 29 (SIGIO) received
2024/05/28 14:47:08 [notice] 1#1: signal 17 (SIGCHLD) received from 40
2024/05/28 14:47:08 [notice] 1#1: worker process 32 exited with code 0
2024/05/28 14:47:08 [notice] 1#1: worker process 33 exited with code 0
2024/05/28 14:47:08 [notice] 1#1: worker process 35 exited with code 0
2024/05/28 14:47:08 [notice] 1#1: signal 29 (SIGIO) received
2024/05/28 14:47:08 [notice] 1#1: signal 17 (SIGCHLD) received from 37
2024/05/28 14:47:08 [notice] 1#1: worker process 37 exited with code 0
2024/05/28 14:47:08 [notice] 1#1: worker process 41 exited with code 0
2024/05/28 14:47:08 [notice] 1#1: worker process 39 exited with code 0
2024/05/28 14:47:08 [notice] 1#1: exit
2024/05/28 14:47:18 [notice] 1#1: using the "epoll" event method
2024/05/28 14:47:18 [notice] 1#1: nginx/1.21.6
2024/05/28 14:47:18 [notice] 1#1: built by gcc 10.2.1 20210110 (Debian 10.2.1-6) 
2024/05/28 14:47:18 [notice] 1#1: OS: Linux 6.6.22-linuxkit
2024/05/28 14:47:18 [notice] 1#1: getrlimit(RLIMIT_NOFILE): 1048576:1048576
2024/05/28 14:47:18 [notice] 1#1: start worker processes
2024/05/28 14:47:18 [notice] 1#1: start worker process 30
2024/05/28 14:47:18 [notice] 1#1: start worker process 31
2024/05/28 14:47:18 [notice] 1#1: start worker process 32
2024/05/28 14:47:18 [notice] 1#1: start worker process 33
2024/05/28 14:47:18 [notice] 1#1: start worker process 34
2024/05/28 14:47:18 [notice] 1#1: start worker process 35
2024/05/28 14:47:18 [notice] 1#1: start worker process 36
2024/05/28 14:47:18 [notice] 1#1: start worker process 37
2024/05/28 14:47:18 [notice] 1#1: start worker process 38
2024/05/28 14:47:18 [notice] 1#1: start worker process 39
2024/05/28 14:47:18 [notice] 1#1: start worker process 40
2024/05/28 14:47:18 [notice] 1#1: start worker process 41
2024/05/28 14:59:52 [notice] 1#1: using the "epoll" event method
2024/05/28 14:59:52 [notice] 1#1: nginx/1.21.6
2024/05/28 14:59:52 [notice] 1#1: built by gcc 10.2.1 20210110 (Debian 10.2.1-6) 
2024/05/28 14:59:52 [notice] 1#1: OS: Linux 6.6.26-linuxkit
2024/05/28 14:59:52 [notice] 1#1: getrlimit(RLIMIT_NOFILE): 1048576:1048576
2024/05/28 14:59:52 [notice] 1#1: start worker processes
2024/05/28 14:59:52 [notice] 1#1: start worker process 30
2024/05/28 14:59:52 [notice] 1#1: start worker process 31
2024/05/28 14:59:52 [notice] 1#1: start worker process 32
2024/05/28 14:59:52 [notice] 1#1: start worker process 33
2024/05/28 14:59:52 [notice] 1#1: start worker process 34
2024/05/28 14:59:52 [notice] 1#1: start worker process 35
2024/05/28 14:59:52 [notice] 1#1: start worker process 36
2024/05/28 14:59:52 [notice] 1#1: start worker process 37
2024/05/28 14:59:52 [notice] 1#1: start worker process 38
2024/05/28 14:59:52 [notice] 1#1: start worker process 39
2024/05/28 14:59:52 [notice] 1#1: start worker process 40
2024/05/28 14:59:52 [notice] 1#1: start worker process 41
2024/05/28 17:28:19 [notice] 1#1: using the "epoll" event method
2024/05/28 17:28:19 [notice] 1#1: nginx/1.21.6
2024/05/28 17:28:19 [notice] 1#1: built by gcc 10.2.1 20210110 (Debian 10.2.1-6) 
2024/05/28 17:28:19 [notice] 1#1: OS: Linux 6.6.26-linuxkit
2024/05/28 17:28:19 [notice] 1#1: getrlimit(RLIMIT_NOFILE): 1048576:1048576
2024/05/28 17:28:19 [notice] 1#1: start worker processes
2024/05/28 17:28:19 [notice] 1#1: start worker process 30
2024/05/28 17:28:19 [notice] 1#1: start worker process 31
2024/05/28 17:28:19 [notice] 1#1: start worker process 32
2024/05/28 17:28:19 [notice] 1#1: start worker process 33
2024/05/28 17:28:19 [notice] 1#1: start worker process 34
2024/05/28 17:28:19 [notice] 1#1: start worker process 35
2024/05/28 17:28:19 [notice] 1#1: start worker process 36
2024/05/28 17:28:19 [notice] 1#1: start worker process 37
2024/05/28 17:28:19 [notice] 1#1: start worker process 38
2024/05/28 17:28:19 [notice] 1#1: start worker process 39
2024/05/28 17:28:19 [notice] 1#1: start worker process 40
2024/05/28 17:28:19 [notice] 1#1: start worker process 41
2024/05/28 17:28:25 [notice] 1#1: signal 3 (SIGQUIT) received, shutting down
2024/05/28 17:28:25 [notice] 39#39: gracefully shutting down
2024/05/28 17:28:25 [notice] 32#32: gracefully shutting down
2024/05/28 17:28:25 [notice] 31#31: gracefully shutting down
2024/05/28 17:28:25 [notice] 33#33: gracefully shutting down
2024/05/28 17:28:25 [notice] 34#34: gracefully shutting down
2024/05/28 17:28:25 [notice] 34#34: exiting
2024/05/28 17:28:25 [notice] 30#30: gracefully shutting down
2024/05/28 17:28:25 [notice] 36#36: gracefully shutting down
2024/05/28 17:28:25 [notice] 37#37: gracefully shutting down
2024/05/28 17:28:25 [notice] 38#38: gracefully shutting down
2024/05/28 17:28:25 [notice] 38#38: exiting
2024/05/28 17:28:25 [notice] 40#40: gracefully shutting down
2024/05/28 17:28:25 [notice] 41#41: gracefully shutting down
2024/05/28 17:28:25 [notice] 35#35: gracefully shutting down
2024/05/28 17:28:25 [notice] 39#39: exiting
2024/05/28 17:28:25 [notice] 32#32: exiting
2024/05/28 17:28:25 [notice] 31#31: exiting
2024/05/28 17:28:25 [notice] 33#33: exiting
2024/05/28 17:28:25 [notice] 34#34: exit
2024/05/28 17:28:25 [notice] 30#30: exiting
2024/05/28 17:28:25 [notice] 36#36: exiting
2024/05/28 17:28:25 [notice] 37#37: exiting
2024/05/28 17:28:25 [notice] 38#38: exit
2024/05/28 17:28:25 [notice] 40#40: exiting
2024/05/28 17:28:25 [notice] 41#41: exiting
2024/05/28 17:28:25 [notice] 35#35: exiting
2024/05/28 17:28:25 [notice] 39#39: exit
2024/05/28 17:28:25 [notice] 32#32: exit
2024/05/28 17:28:25 [notice] 31#31: exit
2024/05/28 17:28:25 [notice] 33#33: exit
2024/05/28 17:28:25 [notice] 30#30: exit
2024/05/28 17:28:25 [notice] 36#36: exit
2024/05/28 17:28:25 [notice] 37#37: exit
2024/05/28 17:28:25 [notice] 40#40: exit
2024/05/28 17:28:25 [notice] 41#41: exit
2024/05/28 17:28:25 [notice] 35#35: exit
2024/05/28 17:28:25 [notice] 1#1: signal 17 (SIGCHLD) received from 34
2024/05/28 17:28:25 [notice] 1#1: worker process 30 exited with code 0
2024/05/28 17:28:25 [notice] 1#1: worker process 31 exited with code 0
2024/05/28 17:28:25 [notice] 1#1: worker process 32 exited with code 0
2024/05/28 17:28:25 [notice] 1#1: worker process 33 exited with code 0
2024/05/28 17:28:25 [notice] 1#1: worker process 34 exited with code 0
2024/05/28 17:28:25 [notice] 1#1: worker process 37 exited with code 0
2024/05/28 17:28:25 [notice] 1#1: worker process 38 exited with code 0
2024/05/28 17:28:25 [notice] 1#1: worker process 39 exited with code 0
2024/05/28 17:28:25 [notice] 1#1: worker process 41 exited with code 0
2024/05/28 17:28:25 [notice] 1#1: signal 29 (SIGIO) received
2024/05/28 17:28:25 [notice] 1#1: signal 17 (SIGCHLD) received from 31
2024/05/28 17:28:25 [notice] 1#1: signal 17 (SIGCHLD) received from 40
2024/05/28 17:28:25 [notice] 1#1: worker process 35 exited with code 0
2024/05/28 17:28:25 [notice] 1#1: worker process 36 exited with code 0
2024/05/28 17:28:25 [notice] 1#1: worker process 40 exited with code 0
2024/05/28 17:28:25 [notice] 1#1: exit
2024/05/28 17:28:32 [notice] 1#1: using the "epoll" event method
2024/05/28 17:28:32 [notice] 1#1: nginx/1.21.6
2024/05/28 17:28:32 [notice] 1#1: built by gcc 10.2.1 20210110 (Debian 10.2.1-6) 
2024/05/28 17:28:32 [notice] 1#1: OS: Linux 6.6.26-linuxkit
2024/05/28 17:28:32 [notice] 1#1: getrlimit(RLIMIT_NOFILE): 1048576:1048576
2024/05/28 17:28:32 [notice] 1#1: start worker processes
2024/05/28 17:28:32 [notice] 1#1: start worker process 30
2024/05/28 17:28:32 [notice] 1#1: start worker process 31
2024/05/28 17:28:32 [notice] 1#1: start worker process 32
2024/05/28 17:28:32 [notice] 1#1: start worker process 33
2024/05/28 17:28:32 [notice] 1#1: start worker process 34
2024/05/28 17:28:32 [notice] 1#1: start worker process 35
2024/05/28 17:28:32 [notice] 1#1: start worker process 36
2024/05/28 17:28:32 [notice] 1#1: start worker process 37
2024/05/28 17:28:32 [notice] 1#1: start worker process 38
2024/05/28 17:28:32 [notice] 1#1: start worker process 39
2024/05/28 17:28:32 [notice] 1#1: start worker process 40
2024/05/28 17:28:32 [notice] 1#1: start worker process 41
